  [1m[35m (1.8ms)[0m  [1m[34mSELECT sqlite_version(*)[0m
  [1m[35m (0.1ms)[0m  [1m[34mSELECT sqlite_version(*)[0m
Started GET "/" for 172.21.0.1 at 2022-05-18 17:12:21 +0000
  [1m[35m (1.1ms)[0m  [1m[34mSELECT sqlite_version(*)[0m
Processing by Rails::WelcomeController#index as HTML
  Rendering /usr/local/bundle/gems/railties-7.0.3/lib/rails/templates/rails/welcome/index.html.erb
  Rendered /usr/local/bundle/gems/railties-7.0.3/lib/rails/templates/rails/welcome/index.html.erb (Duration: 2.3ms | Allocations: 827)
Completed 200 OK in 18ms (Views: 7.3ms | ActiveRecord: 0.0ms | Allocations: 7464)


  [1m[35m (1.6ms)[0m  [1m[34mSELECT sqlite_version(*)[0m
  [1m[35m (12.7ms)[0m  [1m[35mCREATE TABLE "schema_migrations" ("version" varchar NOT NULL PRIMARY KEY)[0m
  [1m[35m (9.5ms)[0m  [1m[35mCREATE TABLE "ar_internal_metadata" ("key" varchar NOT NULL PRIMARY KEY, "value" varchar, "created_at" datetime(6) NOT NULL, "updated_at" datetime(6) NOT NULL)[0m
  [1m[36mActiveRecord::SchemaMigration Pluck (0.2ms)[0m  [1m[34mSELECT "schema_migrations"."version" FROM "schema_migrations" ORDER BY "schema_migrations"."version" ASC[0m
Migrating to CreateTasks (20220518172932)
  [1m[36mTRANSACTION (0.1ms)[0m  [1m[36mbegin transaction[0m
  [1m[35m (0.5ms)[0m  [1m[35mCREATE TABLE "tasks" ("id" integer PRIMARY KEY AUTOINCREMENT NOT NULL, "title" varchar, "importance" integer, "due_at" date, "description" text, "finished" boolean DEFAULT 0, "created_at" datetime(6) NOT NULL, "updated_at" datetime(6) NOT NULL)[0m
  [1m[36mActiveRecord::SchemaMigration Create (0.2ms)[0m  [1m[32mINSERT INTO "schema_migrations" ("version") VALUES (?)[0m  [["version", "20220518172932"]]
  [1m[36mTRANSACTION (9.1ms)[0m  [1m[36mcommit transaction[0m
  [1m[36mActiveRecord::InternalMetadata Load (0.2ms)[0m  [1m[34mSELECT "ar_internal_metadata".* FROM "ar_internal_metadata" WHERE "ar_internal_metadata"."key" = ? LIMIT ?[0m  [["key", "environment"], ["LIMIT", 1]]
  [1m[36mTRANSACTION (0.1ms)[0m  [1m[36mbegin transaction[0m
  [1m[36mActiveRecord::InternalMetadata Create (0.4ms)[0m  [1m[32mINSERT INTO "ar_internal_metadata" ("key", "value", "created_at", "updated_at") VALUES (?, ?, ?, ?)[0m  [["key", "environment"], ["value", "development"], ["created_at", "2022-05-18 17:30:54.412378"], ["updated_at", "2022-05-18 17:30:54.412378"]]
  [1m[36mTRANSACTION (6.0ms)[0m  [1m[36mcommit transaction[0m
  [1m[35m (0.1ms)[0m  [1m[34mSELECT sqlite_version(*)[0m
  [1m[36mActiveRecord::SchemaMigration Pluck (0.4ms)[0m  [1m[34mSELECT "schema_migrations"."version" FROM "schema_migrations" ORDER BY "schema_migrations"."version" ASC[0m
Started GET "/" for 172.22.0.1 at 2022-05-18 17:31:16 +0000
  [1m[35m (0.8ms)[0m  [1m[34mSELECT sqlite_version(*)[0m
  [1m[36mActiveRecord::SchemaMigration Pluck (0.1ms)[0m  [1m[34mSELECT "schema_migrations"."version" FROM "schema_migrations" ORDER BY "schema_migrations"."version" ASC[0m
Processing by Rails::WelcomeController#index as HTML
  Rendering /usr/local/bundle/gems/railties-7.0.3/lib/rails/templates/rails/welcome/index.html.erb
  Rendered /usr/local/bundle/gems/railties-7.0.3/lib/rails/templates/rails/welcome/index.html.erb (Duration: 2.5ms | Allocations: 827)
Completed 200 OK in 36ms (Views: 7.9ms | ActiveRecord: 0.0ms | Allocations: 7467)


Started GET "/tasks" for 172.22.0.1 at 2022-05-18 17:31:23 +0000
Processing by TasksController#index as HTML
  [1m[36mTask Load (0.9ms)[0m  [1m[34mSELECT "tasks".* FROM "tasks"[0m
  ↳ app/controllers/tasks_controller.rb:8:in `index'
Completed 200 OK in 17ms (Views: 6.1ms | ActiveRecord: 0.9ms | Allocations: 1901)


